[debug] [2024-05-03T20:05:19.530Z] ----------------------------------------------------------------------
[debug] [2024-05-03T20:05:19.533Z] Command:       C:\Program Files\nodejs\node.exe C:\Users\Admin\AppData\Roaming\npm\node_modules\firebase-tools\lib\bin\firebase.js init hosting
[debug] [2024-05-03T20:05:19.533Z] CLI Version:   13.8.0
[debug] [2024-05-03T20:05:19.533Z] Platform:      win32
[debug] [2024-05-03T20:05:19.533Z] Node Version:  v20.10.0
[debug] [2024-05-03T20:05:19.533Z] Time:          Fri May 03 2024 16:05:19 GMT-0400 (Eastern Daylight Time)
[debug] [2024-05-03T20:05:19.533Z] ----------------------------------------------------------------------
[debug] 
[debug] [2024-05-03T20:05:19.538Z] > command requires scopes: ["email","openid","https://www.googleapis.com/auth/cloudplatformprojects.readonly","https://www.googleapis.com/auth/firebase","https://www.googleapis.com/auth/cloud-platform"]
[debug] [2024-05-03T20:05:19.539Z] > authorizing via signed-in user (mrlotzo@gmail.com)
[info] 
     ######## #### ########  ######## ########     ###     ######  ########
     ##        ##  ##     ## ##       ##     ##  ##   ##  ##       ##
     ######    ##  ########  ######   ########  #########  ######  ######
     ##        ##  ##    ##  ##       ##     ## ##     ##       ## ##
     ##       #### ##     ## ######## ########  ##     ##  ######  ########

You're about to initialize a Firebase project in this directory:

  C:\Codebase\ableton

Before we get started, keep in mind:

  * You are currently outside your home directory

[info] 
=== Project Setup
[info] 
[info] First, let's associate this project directory with a Firebase project.
[info] You can create multiple project aliases by running firebase use --add, 
[info] but for now we'll just set up a default project.
[info] 
[debug] [2024-05-03T20:05:38.402Z] >>> [apiv2][query] GET https://firebase.googleapis.com/v1beta1/projects pageSize=100
[debug] [2024-05-03T20:05:39.129Z] <<< [apiv2][status] GET https://firebase.googleapis.com/v1beta1/projects 200
[debug] [2024-05-03T20:05:39.129Z] <<< [apiv2][body] GET https://firebase.googleapis.com/v1beta1/projects [omitted]
[info] i  Using project smart-a6c4d (websites) 
[info] 
=== Hosting Setup
[debug] [2024-05-03T20:05:42.457Z] >>> [apiv2][query] GET https://firebase.googleapis.com/v1beta1/projects/smart-a6c4d [none]
[debug] [2024-05-03T20:05:42.768Z] <<< [apiv2][status] GET https://firebase.googleapis.com/v1beta1/projects/smart-a6c4d 200
[debug] [2024-05-03T20:05:42.769Z] <<< [apiv2][body] GET https://firebase.googleapis.com/v1beta1/projects/smart-a6c4d {"projectId":"smart-a6c4d","projectNumber":"688509571679","displayName":"websites","name":"projects/smart-a6c4d","resources":{"hostingSite":"smart-a6c4d","realtimeDatabaseInstance":"smart-a6c4d-default-rtdb"},"state":"ACTIVE","etag":"1_db3b1269-bd60-4cf4-bfc9-aac823a90c72"}
[info] 
[info] Your public directory is the folder (relative to your project directory) that
[info] will contain Hosting assets to be uploaded with firebase deploy. If you
[info] have a build process for your assets, use your build's output directory.
[info] 
[debug] [2024-05-03T20:06:14.300Z] ----------------------------------------------------------------------
[debug] [2024-05-03T20:06:14.303Z] Command:       C:\Program Files\nodejs\node.exe C:\Users\Admin\AppData\Roaming\npm\node_modules\firebase-tools\lib\bin\firebase.js init hosting
[debug] [2024-05-03T20:06:14.303Z] CLI Version:   13.8.0
[debug] [2024-05-03T20:06:14.303Z] Platform:      win32
[debug] [2024-05-03T20:06:14.303Z] Node Version:  v20.10.0
[debug] [2024-05-03T20:06:14.303Z] Time:          Fri May 03 2024 16:06:14 GMT-0400 (Eastern Daylight Time)
[debug] [2024-05-03T20:06:14.303Z] ----------------------------------------------------------------------
[debug] 
[debug] [2024-05-03T20:06:14.308Z] > command requires scopes: ["email","openid","https://www.googleapis.com/auth/cloudplatformprojects.readonly","https://www.googleapis.com/auth/firebase","https://www.googleapis.com/auth/cloud-platform"]
[debug] [2024-05-03T20:06:14.309Z] > authorizing via signed-in user (mrlotzo@gmail.com)
[info] 
     ######## #### ########  ######## ########     ###     ######  ########
     ##        ##  ##     ## ##       ##     ##  ##   ##  ##       ##
     ######    ##  ########  ######   ########  #########  ######  ######
     ##        ##  ##    ##  ##       ##     ## ##     ##       ## ##
     ##       #### ##     ## ######## ########  ##     ##  ######  ########

You're about to initialize a Firebase project in this directory:

  C:\Codebase\ableton

Before we get started, keep in mind:

  * You are currently outside your home directory

